Job running on nodes: jean-zay-iam32
Resolved 60 packages in 4ms
Configuring sharding...
Number of distributed processes = 1
Number of total devices: 8
0/1 : global [CudaDevice(id=0), CudaDevice(id=1), CudaDevice(id=2), CudaDevice(id=3), CudaDevice(id=4), CudaDevice(id=5), CudaDevice(id=6), CudaDevice(id=7)]
0/1 : local [CudaDevice(id=0), CudaDevice(id=1), CudaDevice(id=2), CudaDevice(id=3), CudaDevice(id=4), CudaDevice(id=5), CudaDevice(id=6), CudaDevice(id=7)]
0/1 : hostname:  jean-zay-iam32
args_setup: Namespace(config='/lustre/fswork/projects/rech/rgs/uvm91ap/projects/deepNQS/ConvNext/03_12_24/L8_2x2_symmramp/8/config.yaml', system='Shastry_Sutherland', network='ConvNext')
args: Namespace(config=None, system=None, network=None, L=8, J=[0.8, 1.0], n_blocks=[8], features=[72], expansion_factor=2, net_type='Vanilla', kernel_width=2, downsample_factor=2, init_kernel_width=1, samples_per_rank=512, n_chains_per_rank=512, discard_fraction=0.0, iters=[2500, 2500, 2500, 2500], lr=[0.01, 0.01, 0.01, 0.01], diag_shift=[0.01, 0.01, 0.01, 0.01], diag_shift_factor=[0.0001, 0.0001, 0.0001, 0.0001], r=1e-06, save_base='', save_num=0, seed=8, time_it=0, show_progress=1, chunk_size=256, lr_factor=[0.5, 0.5, 0.5, 0.5], save_every=100, symmetries=0, symmetry_ramping=1, momentum=0.9, checkpoint=1, post_iters=50, sweep_factor=1, double_precision=1)
Double precision enabled =  True
Using net_type=Vanilla
Traceback (most recent call last):
  File "/lustre/fswork/projects/rech/rgs/uvm91ap/repos/netket_pro_update/deepnets/scripts/../optimization/run.py", line 60, in <module>
    protocol = opt.Protocol(
               ^^^^^^^^^^^^^
  File "/lustre/fswork/projects/rech/rgs/uvm91ap/repos/netket_pro_update/deepnets/optimization/protocols.py", line 312, in __init__
    self.log = nk.logging.JsonLog(
               ^^^^^^^^^^^^^^^^^^^
  File "/lustre/fsn1/projects/rech/rgs/uvm91ap/uv_envs/nk_pro_update/.venv/lib/python3.12/site-packages/netket/logging/json_log.py", line 102, in __init__
    raise ValueError(
ValueError: Output file already exists. Either delete it manually orchange `output_prefix`.
srun: error: jean-zay-iam32: task 0: Exited with exit code 1
srun: Terminating StepId=1195124.0
