Job running on nodes: jean-zay-iam43
recursion 0 started at Mon Oct 21 02:45:56 PM CEST 2024
python -u -O /lustre/fswork/projects/rech/iqu/uvm91ap/repos/netket_pro/deepnets/optimization/run.py --L=8 --J 0.8 1.0 --n_blocks 8 --features 72 --expansion_factor=2 --downsample_factor=2 --kernel_width=3 --output_head=Vanilla --samples_per_rank=512 --chains_per_rank=512 --discard_fraction=0.0 --iters 2500 2500 2500 2500 --lr 0.01 0.01 0.01 0.01 --alpha 0.5 0.5 0.5 0.5 --diag_shift 0.01 0.01 0.01 0.01 --diag_shift_end 0.0001 0.0001 0.0001 0.0001 --r=1e-06 --chunk_size=512 --save_every=100 --symmetries=0 --symmetry_ramping=1 --momentum=0.9 --post_iters=50 --double_precision=1 --time_it=0 --show_progress=0 --checkpoint=1 --seed=339  --save_base /gpfswork/rech/iqu/uvm91ap/projects/deepNQS/ConvNext/17_10_24/L=8/symm_ramp_2x2/10/ >> /gpfswork/rech/iqu/uvm91ap/projects/deepNQS/ConvNext/17_10_24/L=8/symm_ramp_2x2/10/${SLURM_JOB_ID}.out &
Configuring sharding...
Traceback (most recent call last):
  File "/lustre/fswork/projects/rech/iqu/uvm91ap/repos/netket_pro/deepnets/optimization/run.py", line 3, in <module>
    import deepnets.multi.configure
  File "/lustre/fswork/projects/rech/iqu/uvm91ap/repos/netket_pro/deepnets/multi/configure.py", line 11, in <module>
    import netket as nk
  File "/linkhome/rech/gencpt01/uvm91ap/.conda/envs/amd_gpu/lib/python3.11/site-packages/netket/__init__.py", line 17, in <module>
    from .utils import config
  File "/linkhome/rech/gencpt01/uvm91ap/.conda/envs/amd_gpu/lib/python3.11/site-packages/netket/utils/__init__.py", line 15, in <module>
    from .config_flags import config
  File "/linkhome/rech/gencpt01/uvm91ap/.conda/envs/amd_gpu/lib/python3.11/site-packages/netket/utils/config_flags.py", line 297, in <module>
    config.define(
  File "/linkhome/rech/gencpt01/uvm91ap/.conda/envs/amd_gpu/lib/python3.11/site-packages/netket/utils/config_flags.py", line 106, in define
    callback(self._values[name])
  File "/linkhome/rech/gencpt01/uvm91ap/.conda/envs/amd_gpu/lib/python3.11/site-packages/netket/utils/config_flags.py", line 290, in _update_x64
    from jax import config as jax_config
ImportError: cannot import name 'config' from 'jax' (unknown location)
srun: error: jean-zay-iam43: task 0: Exited with exit code 1
srun: Terminating StepId=236722.0
