Job running on nodes: jean-zay-iam37
recursion 0 started at Thu Oct 17 07:21:32 AM CEST 2024
python -u -O /lustre/fswork/projects/rech/iqu/uvm91ap/repos/netket_pro/deepnets/optimization/run.py --L=6 --J 0.8 1.0 --n_blocks 12 --features 72 --expansion_factor=2 --downsample_factor=2 --kernel_width=3 --output_head=Vanilla --samples_per_rank=512 --chains_per_rank=512 --discard_fraction=0.0 --iters 2500 2500 2500 2500 --lr 0.01 0.01 0.01 0.01 --alpha 0.5 0.5 0.5 0.5 --diag_shift 0.01 0.01 0.01 0.01 --diag_shift_end 0.0001 0.0001 0.0001 0.0001 --r=1e-06 --chunk_size=512 --save_every=100 --symmetries=0 --symmetry_ramping=1 --momentum=0.9 --post_iters=50 --double_precision=1 --time_it=0 --show_progress=0 --checkpoint=1 --seed=75  --save_base /gpfswork/rech/iqu/uvm91ap/projects/deepNQS/ConvNext/14_10_24/L=6/symm_ramp_3x3/2/ >> /gpfswork/rech/iqu/uvm91ap/projects/deepNQS/ConvNext/14_10_24/L=6/symm_ramp_3x3/2/${SLURM_JOB_ID}.out &
Configuring sharding...
Number of distributed processes = 1
Number of total devices: 8
0/1 : global [CudaDevice(id=0), CudaDevice(id=1), CudaDevice(id=2), CudaDevice(id=3), CudaDevice(id=4), CudaDevice(id=5), CudaDevice(id=6), CudaDevice(id=7)]
0/1 : local [CudaDevice(id=0), CudaDevice(id=1), CudaDevice(id=2), CudaDevice(id=3), CudaDevice(id=4), CudaDevice(id=5), CudaDevice(id=6), CudaDevice(id=7)]
0/1 : hostname:  jean-zay-iam37
2024-10-17 07:21:51.029762: W external/xla/xla/service/gpu/nvptx_compiler.cc:893] The NVIDIA driver's CUDA version is 12.4 which is older than the PTX compiler version 12.6.68. Because the driver is older than the PTX compiler version, XLA is disabling parallel compilation, which may slow down compilation. You should update your NVIDIA driver or use the NVIDIA-provided CUDA forward compatibility packages.
Double precision enabled =  True
chunk_size = 512
Running optimization...
Symmetry stage 0 on process 0:
Total number of model parameters = 276552
Using minSR
restoring checkpoint #0
Symmetry stage 1 on process 0:
Total number of model parameters = 276552
Using minSR
Symmetry stage 2 on process 0:
Total number of model parameters = 276552
Using minSR
Symmetry stage 3 on process 0:
Total number of model parameters = 276552
Using minSR
2024-10-17 16:18:26.419898: W external/xla/xla/tsl/framework/bfc_allocator.cc:497] Allocator (GPU_4_bfc) ran out of memory trying to allocate 66.88GiB (rounded to 71807823104)requested by op 
2024-10-17 16:18:26.421315: W external/xla/xla/tsl/framework/bfc_allocator.cc:497] Allocator (GPU_1_bfc) ran out of memory trying to allocate 66.88GiB (rounded to 71807823104)requested by op 
2024-10-17 16:18:26.421401: W external/xla/xla/tsl/framework/bfc_allocator.cc:508] *___________________________________________________________________________________________________
2024-10-17 16:18:26.422001: W external/xla/xla/tsl/framework/bfc_allocator.cc:508] *___________________________________________________________________________________________________
2024-10-17 16:18:26.422650: W external/xla/xla/tsl/framework/bfc_allocator.cc:497] Allocator (GPU_2_bfc) ran out of memory trying to allocate 66.88GiB (rounded to 71807823104)requested by op 
E1017 16:18:26.421494 1862142 pjrt_stream_executor_client.cc:3067] Execution of replica 0 failed: RESOURCE_EXHAUSTED: Out of memory while trying to allocate 71807823056 bytes.
E1017 16:18:26.422085 1862136 pjrt_stream_executor_client.cc:3067] Execution of replica 0 failed: RESOURCE_EXHAUSTED: Out of memory while trying to allocate 71807823056 bytes.
2024-10-17 16:18:26.423616: W external/xla/xla/tsl/framework/bfc_allocator.cc:508] *___________________________________________________________________________________________________
E1017 16:18:26.423728 1862138 pjrt_stream_executor_client.cc:3067] Execution of replica 0 failed: RESOURCE_EXHAUSTED: Out of memory while trying to allocate 71807823056 bytes.
2024-10-17 16:18:26.424207: W external/xla/xla/tsl/framework/bfc_allocator.cc:497] Allocator (GPU_3_bfc) ran out of memory trying to allocate 66.88GiB (rounded to 71807823104)requested by op 
2024-10-17 16:18:26.424747: W external/xla/xla/tsl/framework/bfc_allocator.cc:508] *___________________________________________________________________________________________________
E1017 16:18:26.424845 1862140 pjrt_stream_executor_client.cc:3067] Execution of replica 0 failed: RESOURCE_EXHAUSTED: Out of memory while trying to allocate 71807823056 bytes.
2024-10-17 16:18:26.425787: W external/xla/xla/tsl/framework/bfc_allocator.cc:497] Allocator (GPU_5_bfc) ran out of memory trying to allocate 66.88GiB (rounded to 71807823104)requested by op 
2024-10-17 16:18:26.426748: W external/xla/xla/tsl/framework/bfc_allocator.cc:508] *___________________________________________________________________________________________________
E1017 16:18:26.426828 1862144 pjrt_stream_executor_client.cc:3067] Execution of replica 0 failed: RESOURCE_EXHAUSTED: Out of memory while trying to allocate 71807823056 bytes.
2024-10-17 16:18:26.428112: W external/xla/xla/tsl/framework/bfc_allocator.cc:497] Allocator (GPU_6_bfc) ran out of memory trying to allocate 66.88GiB (rounded to 71807823104)requested by op 
2024-10-17 16:18:26.428929: W external/xla/xla/tsl/framework/bfc_allocator.cc:508] *___________________________________________________________________________________________________
E1017 16:18:26.429023 1862146 pjrt_stream_executor_client.cc:3067] Execution of replica 0 failed: RESOURCE_EXHAUSTED: Out of memory while trying to allocate 71807823056 bytes.
2024-10-17 16:18:26.429975: W external/xla/xla/tsl/framework/bfc_allocator.cc:497] Allocator (GPU_7_bfc) ran out of memory trying to allocate 66.88GiB (rounded to 71807823104)requested by op 
2024-10-17 16:18:26.430979: W external/xla/xla/tsl/framework/bfc_allocator.cc:508] *___________________________________________________________________________________________________
E1017 16:18:26.431097 1862148 pjrt_stream_executor_client.cc:3067] Execution of replica 0 failed: RESOURCE_EXHAUSTED: Out of memory while trying to allocate 71807823056 bytes.
2024-10-17 16:18:26.431612: W external/xla/xla/tsl/framework/bfc_allocator.cc:497] Allocator (GPU_0_bfc) ran out of memory trying to allocate 66.88GiB (rounded to 71807823104)requested by op 
2024-10-17 16:18:26.432525: W external/xla/xla/tsl/framework/bfc_allocator.cc:508] *___________________________________________________________________________________________________
E1017 16:18:26.432613 1862134 pjrt_stream_executor_client.cc:3067] Execution of replica 0 failed: RESOURCE_EXHAUSTED: Out of memory while trying to allocate 71807823056 bytes.
Traceback (most recent call last):
  File "/lustre/fswork/projects/rech/iqu/uvm91ap/repos/netket_pro/deepnets/optimization/run.py", line 158, in <module>
    sim_time, n_parameters = optimization(
                             ^^^^^^^^^^^^^
  File "/lustre/fswork/projects/rech/iqu/uvm91ap/repos/netket_pro/deepnets/optimization/protocols.py", line 675, in symmetry_ramp_checkpoint
    gs.run_checkpointed(
  File "/lustre/fswork/projects/rech/iqu/uvm91ap/repos/netket_pro/netket_checkpoint/_src/driver1/abstract_variational_driver.py", line 214, in run_checkpointed
    for step in self.iter(n_iter, step_size, start=starting_iter):
  File "/lustre/fswork/projects/rech/iqu/uvm91ap/repos/netket_pro/netket_checkpoint/_src/driver1/abstract_variational_driver.py", line 69, in iter
    dp = self._forward_and_backward()
         ^^^^^^^^^^^^^^^^^^^^^^^^^^^^
  File "/lustre/fswork/projects/rech/iqu/uvm91ap/repos/netket_pro/netket_pro/_src/driver/vmc_srt_ntk.py", line 394, in _forward_and_backward
    updates, self._cplx_split_updates, _ = SRt_ntk(
                                           ^^^^^^^^
jaxlib.xla_extension.XlaRuntimeError: RESOURCE_EXHAUSTED: Out of memory while trying to allocate 71807823056 bytes.: while running replica 0 and partition 0 of a replicated computation (other replicas may have failed as well).
--------------------
For simplicity, JAX has removed its internal frames from the traceback of the following exception. Set JAX_TRACEBACK_FILTERING=off to include these.
srun: Job step aborted: Waiting up to 62 seconds for job step to finish.
slurmstepd: error: *** JOB 156709 ON jean-zay-iam37 CANCELLED AT 2024-10-17T17:35:22 ***
slurmstepd: error: *** STEP 156709.0 ON jean-zay-iam37 CANCELLED AT 2024-10-17T17:35:22 ***
