Job running on nodes: jean-zay-iam22
recursion 0 started at Thu Oct 17 07:21:33 AM CEST 2024
python -u -O /lustre/fswork/projects/rech/iqu/uvm91ap/repos/netket_pro/deepnets/optimization/run.py --L=6 --J 0.8 1.0 --n_blocks 8 --features 72 --expansion_factor=2 --downsample_factor=2 --kernel_width=3 --output_head=Vanilla --samples_per_rank=512 --chains_per_rank=512 --discard_fraction=0.0 --iters 2500 2500 2500 2500 --lr 0.01 0.01 0.01 0.01 --alpha 0.5 0.5 0.5 0.5 --diag_shift 0.01 0.01 0.01 0.01 --diag_shift_end 0.0001 0.0001 0.0001 0.0001 --r=1e-06 --chunk_size=512 --save_every=100 --symmetries=0 --symmetry_ramping=1 --momentum=0.9 --post_iters=50 --double_precision=1 --time_it=0 --show_progress=0 --checkpoint=1 --seed=75  --save_base /gpfswork/rech/iqu/uvm91ap/projects/deepNQS/ConvNext/14_10_24/L=6/symm_ramp_3x3/1/ >> /gpfswork/rech/iqu/uvm91ap/projects/deepNQS/ConvNext/14_10_24/L=6/symm_ramp_3x3/1/${SLURM_JOB_ID}.out &
Configuring sharding...
Number of distributed processes = 1
Number of total devices: 8
0/1 : global [CudaDevice(id=0), CudaDevice(id=1), CudaDevice(id=2), CudaDevice(id=3), CudaDevice(id=4), CudaDevice(id=5), CudaDevice(id=6), CudaDevice(id=7)]
0/1 : local [CudaDevice(id=0), CudaDevice(id=1), CudaDevice(id=2), CudaDevice(id=3), CudaDevice(id=4), CudaDevice(id=5), CudaDevice(id=6), CudaDevice(id=7)]
0/1 : hostname:  jean-zay-iam22
2024-10-17 07:21:51.029880: W external/xla/xla/service/gpu/nvptx_compiler.cc:893] The NVIDIA driver's CUDA version is 12.4 which is older than the PTX compiler version 12.6.68. Because the driver is older than the PTX compiler version, XLA is disabling parallel compilation, which may slow down compilation. You should update your NVIDIA driver or use the NVIDIA-provided CUDA forward compatibility packages.
Double precision enabled =  True
chunk_size = 512
Running optimization...
Symmetry stage 0 on process 0:
Total number of model parameters = 188136
Using minSR
restoring checkpoint #0
Symmetry stage 1 on process 0:
Total number of model parameters = 188136
Using minSR
Symmetry stage 2 on process 0:
Total number of model parameters = 188136
Using minSR
Symmetry stage 3 on process 0:
Total number of model parameters = 188136
Using minSR
2024-10-17 14:05:03.780909: W external/xla/xla/tsl/framework/bfc_allocator.cc:497] Allocator (GPU_4_bfc) ran out of memory trying to allocate 68.81GiB (rounded to 73887504128)requested by op 
2024-10-17 14:05:03.781890: W external/xla/xla/tsl/framework/bfc_allocator.cc:497] Allocator (GPU_2_bfc) ran out of memory trying to allocate 68.81GiB (rounded to 73887504128)requested by op 
2024-10-17 14:05:03.782045: W external/xla/xla/tsl/framework/bfc_allocator.cc:508] *___________________________________________________________________________________________________
2024-10-17 14:05:03.782653: W external/xla/xla/tsl/framework/bfc_allocator.cc:508] *___________________________________________________________________________________________________
E1017 14:05:03.782135 1888520 pjrt_stream_executor_client.cc:3067] Execution of replica 0 failed: RESOURCE_EXHAUSTED: Out of memory while trying to allocate 73887503992 bytes.
E1017 14:05:03.782753 1888516 pjrt_stream_executor_client.cc:3067] Execution of replica 0 failed: RESOURCE_EXHAUSTED: Out of memory while trying to allocate 73887503992 bytes.
2024-10-17 14:05:03.783514: W external/xla/xla/tsl/framework/bfc_allocator.cc:497] Allocator (GPU_3_bfc) ran out of memory trying to allocate 68.81GiB (rounded to 73887504128)requested by op 
2024-10-17 14:05:03.784257: W external/xla/xla/tsl/framework/bfc_allocator.cc:508] *___________________________________________________________________________________________________
E1017 14:05:03.784328 1888518 pjrt_stream_executor_client.cc:3067] Execution of replica 0 failed: RESOURCE_EXHAUSTED: Out of memory while trying to allocate 73887503992 bytes.
2024-10-17 14:05:03.784933: W external/xla/xla/tsl/framework/bfc_allocator.cc:497] Allocator (GPU_1_bfc) ran out of memory trying to allocate 68.81GiB (rounded to 73887504128)requested by op 
2024-10-17 14:05:03.785683: W external/xla/xla/tsl/framework/bfc_allocator.cc:508] *___________________________________________________________________________________________________
E1017 14:05:03.785803 1888514 pjrt_stream_executor_client.cc:3067] Execution of replica 0 failed: RESOURCE_EXHAUSTED: Out of memory while trying to allocate 73887503992 bytes.
2024-10-17 14:05:03.786427: W external/xla/xla/tsl/framework/bfc_allocator.cc:497] Allocator (GPU_0_bfc) ran out of memory trying to allocate 68.81GiB (rounded to 73887504128)requested by op 
2024-10-17 14:05:03.787161: W external/xla/xla/tsl/framework/bfc_allocator.cc:508] *___________________________________________________________________________________________________
E1017 14:05:03.787256 1888512 pjrt_stream_executor_client.cc:3067] Execution of replica 0 failed: RESOURCE_EXHAUSTED: Out of memory while trying to allocate 73887503992 bytes.
2024-10-17 14:05:03.788141: W external/xla/xla/tsl/framework/bfc_allocator.cc:497] Allocator (GPU_7_bfc) ran out of memory trying to allocate 68.81GiB (rounded to 73887504128)requested by op 
2024-10-17 14:05:03.788835: W external/xla/xla/tsl/framework/bfc_allocator.cc:508] *___________________________________________________________________________________________________
E1017 14:05:03.788907 1888526 pjrt_stream_executor_client.cc:3067] Execution of replica 0 failed: RESOURCE_EXHAUSTED: Out of memory while trying to allocate 73887503992 bytes.
2024-10-17 14:05:03.789948: W external/xla/xla/tsl/framework/bfc_allocator.cc:497] Allocator (GPU_5_bfc) ran out of memory trying to allocate 68.81GiB (rounded to 73887504128)requested by op 
2024-10-17 14:05:03.790729: W external/xla/xla/tsl/framework/bfc_allocator.cc:508] *___________________________________________________________________________________________________
E1017 14:05:03.790810 1888522 pjrt_stream_executor_client.cc:3067] Execution of replica 0 failed: RESOURCE_EXHAUSTED: Out of memory while trying to allocate 73887503992 bytes.
2024-10-17 14:05:03.791580: W external/xla/xla/tsl/framework/bfc_allocator.cc:497] Allocator (GPU_6_bfc) ran out of memory trying to allocate 68.81GiB (rounded to 73887504128)requested by op 
2024-10-17 14:05:03.792274: W external/xla/xla/tsl/framework/bfc_allocator.cc:508] *___________________________________________________________________________________________________
E1017 14:05:03.792353 1888524 pjrt_stream_executor_client.cc:3067] Execution of replica 0 failed: RESOURCE_EXHAUSTED: Out of memory while trying to allocate 73887503992 bytes.
Traceback (most recent call last):
  File "/lustre/fswork/projects/rech/iqu/uvm91ap/repos/netket_pro/deepnets/optimization/run.py", line 158, in <module>
    sim_time, n_parameters = optimization(
                             ^^^^^^^^^^^^^
  File "/lustre/fswork/projects/rech/iqu/uvm91ap/repos/netket_pro/deepnets/optimization/protocols.py", line 675, in symmetry_ramp_checkpoint
    gs.run_checkpointed(
  File "/lustre/fswork/projects/rech/iqu/uvm91ap/repos/netket_pro/netket_checkpoint/_src/driver1/abstract_variational_driver.py", line 214, in run_checkpointed
    for step in self.iter(n_iter, step_size, start=starting_iter):
  File "/lustre/fswork/projects/rech/iqu/uvm91ap/repos/netket_pro/netket_checkpoint/_src/driver1/abstract_variational_driver.py", line 69, in iter
    dp = self._forward_and_backward()
         ^^^^^^^^^^^^^^^^^^^^^^^^^^^^
  File "/lustre/fswork/projects/rech/iqu/uvm91ap/repos/netket_pro/netket_pro/_src/driver/vmc_srt_ntk.py", line 394, in _forward_and_backward
    updates, self._cplx_split_updates, _ = SRt_ntk(
                                           ^^^^^^^^
jaxlib.xla_extension.XlaRuntimeError: RESOURCE_EXHAUSTED: Out of memory while trying to allocate 73887503992 bytes.: while running replica 0 and partition 0 of a replicated computation (other replicas may have failed as well).
--------------------
For simplicity, JAX has removed its internal frames from the traceback of the following exception. Set JAX_TRACEBACK_FILTERING=off to include these.
srun: Job step aborted: Waiting up to 62 seconds for job step to finish.
slurmstepd: error: *** JOB 156708 ON jean-zay-iam22 CANCELLED AT 2024-10-17T17:35:12 ***
slurmstepd: error: *** STEP 156708.0 ON jean-zay-iam22 CANCELLED AT 2024-10-17T17:35:12 ***
