Job running on nodes: jean-zay-iam14
Loading cpuarch/amd
  WARNING: Using "module load cpuarch/amd" is deprecated,
    use "module load arch/a100" instead.
recursion  started at Wed Oct 16 11:43:19 PM CEST 2024
python -u -O /lustre/fswork/projects/rech/iqu/uvm91ap/repos/netket_pro/deepnets/optimization/run.py --L=10 --J 0.8 1.0 --n_blocks 4 --features 72 --expansion_factor=2 --downsample_factor=2 --kernel_width=3 --output_head=Vanilla --samples_per_rank=512 --chains_per_rank=512 --discard_fraction=0.0 --iters 2500 2500 2500 2500 --lr 0.01 0.01 0.01 0.01 --alpha 0.5 0.5 0.5 0.5 --diag_shift 0.01 0.01 0.01 0.01 --diag_shift_end 0.0001 0.0001 0.0001 0.0001 --r=1e-06 --chunk_size=512 --save_every=100 --symmetries=0 --symmetry_ramping=1 --momentum=0.9 --post_iters=50 --double_precision=1 --time_it=0 --show_progress=0 --checkpoint=1 --seed=225  --save_base /gpfswork/rech/iqu/uvm91ap/projects/deepNQS/ConvNext/03_10_24/L=6/symm_ramp/2/ >> /gpfswork/rech/iqu/uvm91ap/projects/deepNQS/ConvNext/03_10_24/L=6/symm_ramp/2/${SLURM_JOB_ID}.out &
Configuring sharding...
Number of distributed processes = 1
Number of total devices: 8
0/1 : global [CudaDevice(id=0), CudaDevice(id=1), CudaDevice(id=2), CudaDevice(id=3), CudaDevice(id=4), CudaDevice(id=5), CudaDevice(id=6), CudaDevice(id=7)]
0/1 : local [CudaDevice(id=0), CudaDevice(id=1), CudaDevice(id=2), CudaDevice(id=3), CudaDevice(id=4), CudaDevice(id=5), CudaDevice(id=6), CudaDevice(id=7)]
0/1 : hostname:  jean-zay-iam14
2024-10-16 23:43:37.641546: W external/xla/xla/service/gpu/nvptx_compiler.cc:893] The NVIDIA driver's CUDA version is 12.4 which is older than the PTX compiler version 12.6.68. Because the driver is older than the PTX compiler version, XLA is disabling parallel compilation, which may slow down compilation. You should update your NVIDIA driver or use the NVIDIA-provided CUDA forward compatibility packages.
Double precision enabled =  True
chunk_size = 512
Running optimization...
Symmetry stage 0 on process 0:
Total number of model parameters = 99720
Using minSR
restoring checkpoint #2500
restoring checkpoint #2500
Symmetry stage 1 on process 0:
Total number of model parameters = 99720
Using minSR
restoring checkpoint #2500
2024-10-16 23:44:35.115062: E external/xla/xla/service/slow_operation_alarm.cc:65] Trying algorithm eng20{k2=6,k3=0} for conv (f64[72,1,3,3]{3,2,1,0}, u8[0]{0}) custom-call(f64[16384,72,7,7]{3,2,1,0}, f64[16384,72,5,5]{3,2,1,0}), window={size=3x3}, dim_labels=bf01_oi01->bf01, feature_group_count=72, custom_call_target="__cudnn$convBackwardFilter", backend_config={"cudnn_conv_backend_config":{"activation_mode":"kNone","conv_result_scale":1,"leakyrelu_alpha":0,"side_input_scale":0},"force_earliest_schedule":false,"operation_queue_id":"0","wait_on_operation_queues":[]} is taking a while...
2024-10-16 23:44:39.410289: E external/xla/xla/service/slow_operation_alarm.cc:133] The operation took 5.295323878s
Trying algorithm eng20{k2=6,k3=0} for conv (f64[72,1,3,3]{3,2,1,0}, u8[0]{0}) custom-call(f64[16384,72,7,7]{3,2,1,0}, f64[16384,72,5,5]{3,2,1,0}), window={size=3x3}, dim_labels=bf01_oi01->bf01, feature_group_count=72, custom_call_target="__cudnn$convBackwardFilter", backend_config={"cudnn_conv_backend_config":{"activation_mode":"kNone","conv_result_scale":1,"leakyrelu_alpha":0,"side_input_scale":0},"force_earliest_schedule":false,"operation_queue_id":"0","wait_on_operation_queues":[]} is taking a while...
Symmetry stage 2 on process 0:
Total number of model parameters = 99720
Using minSR
restoring checkpoint #2500
2024-10-16 23:45:09.221447: E external/xla/xla/service/slow_operation_alarm.cc:65] Trying algorithm eng20{k2=6,k3=0} for conv (f64[72,1,3,3]{3,2,1,0}, u8[0]{0}) custom-call(f64[32768,72,7,7]{3,2,1,0}, f64[32768,72,5,5]{3,2,1,0}), window={size=3x3}, dim_labels=bf01_oi01->bf01, feature_group_count=72, custom_call_target="__cudnn$convBackwardFilter", backend_config={"cudnn_conv_backend_config":{"activation_mode":"kNone","conv_result_scale":1,"leakyrelu_alpha":0,"side_input_scale":0},"force_earliest_schedule":false,"operation_queue_id":"0","wait_on_operation_queues":[]} is taking a while...
2024-10-16 23:45:21.375247: E external/xla/xla/service/slow_operation_alarm.cc:133] The operation took 13.153865985s
Trying algorithm eng20{k2=6,k3=0} for conv (f64[72,1,3,3]{3,2,1,0}, u8[0]{0}) custom-call(f64[32768,72,7,7]{3,2,1,0}, f64[32768,72,5,5]{3,2,1,0}), window={size=3x3}, dim_labels=bf01_oi01->bf01, feature_group_count=72, custom_call_target="__cudnn$convBackwardFilter", backend_config={"cudnn_conv_backend_config":{"activation_mode":"kNone","conv_result_scale":1,"leakyrelu_alpha":0,"side_input_scale":0},"force_earliest_schedule":false,"operation_queue_id":"0","wait_on_operation_queues":[]} is taking a while...
Symmetry stage 3 on process 0:
Total number of model parameters = 99720
Using minSR
restoring checkpoint #0
2024-10-16 23:46:59.934113: W external/xla/xla/tsl/framework/bfc_allocator.cc:497] Allocator (GPU_5_bfc) ran out of memory trying to allocate 82.99GiB (rounded to 89112523264)requested by op 
2024-10-16 23:46:59.934566: W external/xla/xla/tsl/framework/bfc_allocator.cc:508] *___________________________________________________________________________________________________
E1016 23:46:59.934619 1992479 pjrt_stream_executor_client.cc:3067] Execution of replica 0 failed: RESOURCE_EXHAUSTED: Out of memory while trying to allocate 89112523152 bytes.
2024-10-16 23:46:59.934894: W external/xla/xla/tsl/framework/bfc_allocator.cc:497] Allocator (GPU_0_bfc) ran out of memory trying to allocate 82.99GiB (rounded to 89112523264)requested by op 
2024-10-16 23:46:59.935362: W external/xla/xla/tsl/framework/bfc_allocator.cc:508] *___________________________________________________________________________________________________
E1016 23:46:59.935436 1992469 pjrt_stream_executor_client.cc:3067] Execution of replica 0 failed: RESOURCE_EXHAUSTED: Out of memory while trying to allocate 89112523152 bytes.
2024-10-16 23:46:59.936233: W external/xla/xla/tsl/framework/bfc_allocator.cc:497] Allocator (GPU_4_bfc) ran out of memory trying to allocate 82.99GiB (rounded to 89112523264)requested by op 
2024-10-16 23:46:59.936688: W external/xla/xla/tsl/framework/bfc_allocator.cc:508] *___________________________________________________________________________________________________
E1016 23:46:59.936764 1992477 pjrt_stream_executor_client.cc:3067] Execution of replica 0 failed: RESOURCE_EXHAUSTED: Out of memory while trying to allocate 89112523152 bytes.
2024-10-16 23:46:59.937253: W external/xla/xla/tsl/framework/bfc_allocator.cc:497] Allocator (GPU_1_bfc) ran out of memory trying to allocate 82.99GiB (rounded to 89112523264)requested by op 
2024-10-16 23:46:59.937675: W external/xla/xla/tsl/framework/bfc_allocator.cc:508] *___________________________________________________________________________________________________
E1016 23:46:59.937722 1992471 pjrt_stream_executor_client.cc:3067] Execution of replica 0 failed: RESOURCE_EXHAUSTED: Out of memory while trying to allocate 89112523152 bytes.
2024-10-16 23:46:59.938170: W external/xla/xla/tsl/framework/bfc_allocator.cc:497] Allocator (GPU_6_bfc) ran out of memory trying to allocate 82.99GiB (rounded to 89112523264)requested by op 
2024-10-16 23:46:59.938612: W external/xla/xla/tsl/framework/bfc_allocator.cc:508] *___________________________________________________________________________________________________
E1016 23:46:59.938666 1992481 pjrt_stream_executor_client.cc:3067] Execution of replica 0 failed: RESOURCE_EXHAUSTED: Out of memory while trying to allocate 89112523152 bytes.
2024-10-16 23:46:59.939406: W external/xla/xla/tsl/framework/bfc_allocator.cc:497] Allocator (GPU_3_bfc) ran out of memory trying to allocate 82.99GiB (rounded to 89112523264)requested by op 
2024-10-16 23:46:59.939865: W external/xla/xla/tsl/framework/bfc_allocator.cc:508] *___________________________________________________________________________________________________
E1016 23:46:59.939941 1992475 pjrt_stream_executor_client.cc:3067] Execution of replica 0 failed: RESOURCE_EXHAUSTED: Out of memory while trying to allocate 89112523152 bytes.
2024-10-16 23:46:59.940358: W external/xla/xla/tsl/framework/bfc_allocator.cc:497] Allocator (GPU_7_bfc) ran out of memory trying to allocate 82.99GiB (rounded to 89112523264)requested by op 
2024-10-16 23:46:59.940608: W external/xla/xla/tsl/framework/bfc_allocator.cc:508] *___________________________________________________________________________________________________
E1016 23:46:59.940669 1992483 pjrt_stream_executor_client.cc:3067] Execution of replica 0 failed: RESOURCE_EXHAUSTED: Out of memory while trying to allocate 89112523152 bytes.
2024-10-16 23:46:59.941520: W external/xla/xla/tsl/framework/bfc_allocator.cc:497] Allocator (GPU_2_bfc) ran out of memory trying to allocate 82.99GiB (rounded to 89112523264)requested by op 
2024-10-16 23:46:59.941987: W external/xla/xla/tsl/framework/bfc_allocator.cc:508] *___________________________________________________________________________________________________
E1016 23:46:59.942063 1992473 pjrt_stream_executor_client.cc:3067] Execution of replica 0 failed: RESOURCE_EXHAUSTED: Out of memory while trying to allocate 89112523152 bytes.
Traceback (most recent call last):
  File "/lustre/fswork/projects/rech/iqu/uvm91ap/repos/netket_pro/deepnets/optimization/run.py", line 158, in <module>
    sim_time, n_parameters = optimization(
                             ^^^^^^^^^^^^^
  File "/lustre/fswork/projects/rech/iqu/uvm91ap/repos/netket_pro/deepnets/optimization/protocols.py", line 675, in symmetry_ramp_checkpoint
    gs.run_checkpointed(
  File "/lustre/fswork/projects/rech/iqu/uvm91ap/repos/netket_pro/netket_checkpoint/_src/driver1/abstract_variational_driver.py", line 214, in run_checkpointed
    for step in self.iter(n_iter, step_size, start=starting_iter):
  File "/lustre/fswork/projects/rech/iqu/uvm91ap/repos/netket_pro/netket_checkpoint/_src/driver1/abstract_variational_driver.py", line 69, in iter
    dp = self._forward_and_backward()
         ^^^^^^^^^^^^^^^^^^^^^^^^^^^^
  File "/lustre/fswork/projects/rech/iqu/uvm91ap/repos/netket_pro/netket_pro/_src/driver/vmc_srt_ntk.py", line 394, in _forward_and_backward
    updates, self._cplx_split_updates, _ = SRt_ntk(
                                           ^^^^^^^^
jaxlib.xla_extension.XlaRuntimeError: RESOURCE_EXHAUSTED: Out of memory while trying to allocate 89112523152 bytes.: while running replica 0 and partition 0 of a replicated computation (other replicas may have failed as well).
--------------------
For simplicity, JAX has removed its internal frames from the traceback of the following exception. Set JAX_TRACEBACK_FILTERING=off to include these.
srun: error: jean-zay-iam14: task 0: Exited with exit code 1
srun: Terminating StepId=148218.0
