Job running on nodes: jean-zay-iam40
recursion 0 started at Mon Oct 21 12:21:53 PM CEST 2024
python -u -O /lustre/fswork/projects/rech/iqu/uvm91ap/repos/netket_pro/deepnets/optimization/run.py --L=8 --J 0.8 1.0 --n_blocks 12 --features 72 --expansion_factor=2 --downsample_factor=2 --kernel_width=3 --output_head=Vanilla --samples_per_rank=512 --chains_per_rank=512 --discard_fraction=0.0 --iters 2500 2500 2500 2500 --lr 0.01 0.01 0.01 0.01 --alpha 0.5 0.5 0.5 0.5 --diag_shift 0.01 0.01 0.01 0.01 --diag_shift_end 0.0001 0.0001 0.0001 0.0001 --r=1e-06 --chunk_size=512 --save_every=100 --symmetries=0 --symmetry_ramping=1 --momentum=0.9 --post_iters=50 --double_precision=1 --time_it=0 --show_progress=0 --checkpoint=1 --seed=293  --save_base /gpfswork/rech/iqu/uvm91ap/projects/deepNQS/ConvNext/17_10_24/L=8/symm_ramp_3x3/2/ >> /gpfswork/rech/iqu/uvm91ap/projects/deepNQS/ConvNext/17_10_24/L=8/symm_ramp_3x3/2/${SLURM_JOB_ID}.out &
Configuring sharding...
Number of distributed processes = 1
Number of total devices: 8
0/1 : global [CudaDevice(id=0), CudaDevice(id=1), CudaDevice(id=2), CudaDevice(id=3), CudaDevice(id=4), CudaDevice(id=5), CudaDevice(id=6), CudaDevice(id=7)]
0/1 : local [CudaDevice(id=0), CudaDevice(id=1), CudaDevice(id=2), CudaDevice(id=3), CudaDevice(id=4), CudaDevice(id=5), CudaDevice(id=6), CudaDevice(id=7)]
0/1 : hostname:  jean-zay-iam40
2024-10-21 12:24:07.845311: W external/xla/xla/service/gpu/nvptx_compiler.cc:893] The NVIDIA driver's CUDA version is 12.4 which is older than the PTX compiler version 12.6.68. Because the driver is older than the PTX compiler version, XLA is disabling parallel compilation, which may slow down compilation. You should update your NVIDIA driver or use the NVIDIA-provided CUDA forward compatibility packages.
Double precision enabled =  True
chunk_size = 512
Running optimization...
Symmetry stage 0 on process 0:
Total number of model parameters = 276552
Using minSR
restoring checkpoint #0
Symmetry stage 1 on process 0:
Total number of model parameters = 276552
Using minSR
2024-10-21 13:50:57.592827: E external/xla/xla/service/slow_operation_alarm.cc:65] Trying algorithm eng20{k2=6,k3=0} for conv (f64[72,1,3,3]{3,2,1,0}, u8[0]{0}) custom-call(f64[16384,72,6,6]{3,2,1,0}, f64[16384,72,4,4]{3,2,1,0}), window={size=3x3}, dim_labels=bf01_oi01->bf01, feature_group_count=72, custom_call_target="__cudnn$convBackwardFilter", backend_config={"cudnn_conv_backend_config":{"activation_mode":"kNone","conv_result_scale":1,"leakyrelu_alpha":0,"side_input_scale":0},"force_earliest_schedule":false,"operation_queue_id":"0","wait_on_operation_queues":[]} is taking a while...
2024-10-21 13:51:03.336124: E external/xla/xla/service/slow_operation_alarm.cc:133] The operation took 6.743391463s
Trying algorithm eng20{k2=6,k3=0} for conv (f64[72,1,3,3]{3,2,1,0}, u8[0]{0}) custom-call(f64[16384,72,6,6]{3,2,1,0}, f64[16384,72,4,4]{3,2,1,0}), window={size=3x3}, dim_labels=bf01_oi01->bf01, feature_group_count=72, custom_call_target="__cudnn$convBackwardFilter", backend_config={"cudnn_conv_backend_config":{"activation_mode":"kNone","conv_result_scale":1,"leakyrelu_alpha":0,"side_input_scale":0},"force_earliest_schedule":false,"operation_queue_id":"0","wait_on_operation_queues":[]} is taking a while...
Symmetry stage 2 on process 0:
Total number of model parameters = 276552
Using minSR
2024-10-21 18:37:21.569856: E external/xla/xla/service/slow_operation_alarm.cc:65] Trying algorithm eng20{k2=6,k3=0} for conv (f64[72,1,3,3]{3,2,1,0}, u8[0]{0}) custom-call(f64[32768,72,6,6]{3,2,1,0}, f64[32768,72,4,4]{3,2,1,0}), window={size=3x3}, dim_labels=bf01_oi01->bf01, feature_group_count=72, custom_call_target="__cudnn$convBackwardFilter", backend_config={"cudnn_conv_backend_config":{"activation_mode":"kNone","conv_result_scale":1,"leakyrelu_alpha":0,"side_input_scale":0},"force_earliest_schedule":false,"operation_queue_id":"0","wait_on_operation_queues":[]} is taking a while...
2024-10-21 18:37:34.432257: E external/xla/xla/service/slow_operation_alarm.cc:133] The operation took 13.862465371s
Trying algorithm eng20{k2=6,k3=0} for conv (f64[72,1,3,3]{3,2,1,0}, u8[0]{0}) custom-call(f64[32768,72,6,6]{3,2,1,0}, f64[32768,72,4,4]{3,2,1,0}), window={size=3x3}, dim_labels=bf01_oi01->bf01, feature_group_count=72, custom_call_target="__cudnn$convBackwardFilter", backend_config={"cudnn_conv_backend_config":{"activation_mode":"kNone","conv_result_scale":1,"leakyrelu_alpha":0,"side_input_scale":0},"force_earliest_schedule":false,"operation_queue_id":"0","wait_on_operation_queues":[]} is taking a while...
2024-10-21 18:38:28.856245: W external/xla/xla/tsl/framework/bfc_allocator.cc:497] Allocator (GPU_1_bfc) ran out of memory trying to allocate 72.46GiB (rounded to 77801375232)requested by op 
2024-10-21 18:38:28.856324: W external/xla/xla/tsl/framework/bfc_allocator.cc:497] Allocator (GPU_7_bfc) ran out of memory trying to allocate 72.46GiB (rounded to 77801375232)requested by op 
2024-10-21 18:38:28.857025: W external/xla/xla/tsl/framework/bfc_allocator.cc:508] *___________________________________________________________________________________________________
2024-10-21 18:38:28.857072: W external/xla/xla/tsl/framework/bfc_allocator.cc:508] *___________________________________________________________________________________________________
2024-10-21 18:38:28.857112: W external/xla/xla/tsl/framework/bfc_allocator.cc:497] Allocator (GPU_3_bfc) ran out of memory trying to allocate 72.46GiB (rounded to 77801375232)requested by op 
2024-10-21 18:38:28.857897: W external/xla/xla/tsl/framework/bfc_allocator.cc:508] *___________________________________________________________________________________________________
2024-10-21 18:38:28.858340: W external/xla/xla/tsl/framework/bfc_allocator.cc:497] Allocator (GPU_5_bfc) ran out of memory trying to allocate 72.46GiB (rounded to 77801375232)requested by op 
E1021 18:38:28.857111 1618895 pjrt_stream_executor_client.cc:3067] Execution of replica 0 failed: RESOURCE_EXHAUSTED: Out of memory while trying to allocate 77801375136 bytes.
E1021 18:38:28.858001 1618899 pjrt_stream_executor_client.cc:3067] Execution of replica 0 failed: RESOURCE_EXHAUSTED: Out of memory while trying to allocate 77801375136 bytes.
2024-10-21 18:38:28.859167: W external/xla/xla/tsl/framework/bfc_allocator.cc:508] *___________________________________________________________________________________________________
E1021 18:38:28.857152 1618907 pjrt_stream_executor_client.cc:3067] Execution of replica 0 failed: RESOURCE_EXHAUSTED: Out of memory while trying to allocate 77801375136 bytes.
E1021 18:38:28.859284 1618903 pjrt_stream_executor_client.cc:3067] Execution of replica 0 failed: RESOURCE_EXHAUSTED: Out of memory while trying to allocate 77801375136 bytes.
2024-10-21 18:38:28.859799: W external/xla/xla/tsl/framework/bfc_allocator.cc:497] Allocator (GPU_6_bfc) ran out of memory trying to allocate 72.46GiB (rounded to 77801375232)requested by op 
2024-10-21 18:38:28.860715: W external/xla/xla/tsl/framework/bfc_allocator.cc:508] *___________________________________________________________________________________________________
2024-10-21 18:38:28.860797: W external/xla/xla/tsl/framework/bfc_allocator.cc:497] Allocator (GPU_4_bfc) ran out of memory trying to allocate 72.46GiB (rounded to 77801375232)requested by op 
E1021 18:38:28.860811 1618905 pjrt_stream_executor_client.cc:3067] Execution of replica 0 failed: RESOURCE_EXHAUSTED: Out of memory while trying to allocate 77801375136 bytes.
2024-10-21 18:38:28.861627: W external/xla/xla/tsl/framework/bfc_allocator.cc:508] *___________________________________________________________________________________________________
E1021 18:38:28.861736 1618901 pjrt_stream_executor_client.cc:3067] Execution of replica 0 failed: RESOURCE_EXHAUSTED: Out of memory while trying to allocate 77801375136 bytes.
2024-10-21 18:38:28.861954: W external/xla/xla/tsl/framework/bfc_allocator.cc:497] Allocator (GPU_2_bfc) ran out of memory trying to allocate 72.46GiB (rounded to 77801375232)requested by op 
2024-10-21 18:38:28.862999: W external/xla/xla/tsl/framework/bfc_allocator.cc:508] *___________________________________________________________________________________________________
E1021 18:38:28.863132 1618897 pjrt_stream_executor_client.cc:3067] Execution of replica 0 failed: RESOURCE_EXHAUSTED: Out of memory while trying to allocate 77801375136 bytes.
2024-10-21 18:38:28.863672: W external/xla/xla/tsl/framework/bfc_allocator.cc:497] Allocator (GPU_0_bfc) ran out of memory trying to allocate 72.46GiB (rounded to 77801375232)requested by op 
2024-10-21 18:38:28.864730: W external/xla/xla/tsl/framework/bfc_allocator.cc:508] *___________________________________________________________________________________________________
E1021 18:38:28.864850 1618893 pjrt_stream_executor_client.cc:3067] Execution of replica 0 failed: RESOURCE_EXHAUSTED: Out of memory while trying to allocate 77801375136 bytes.
Out of memory, reducing chunk_size to 256 and retrying
restoring checkpoint #0
Symmetry stage 3 on process 0:
Total number of model parameters = 276552
Using minSR
Time limit reached, resubmitting 0th sbatch...
Submitted batch job 310496
