Job running on nodes: jean-zay-iam03
recursion 0 started at Thu Oct 17 07:11:03 AM CEST 2024
python -u -O /lustre/fswork/projects/rech/iqu/uvm91ap/repos/netket_pro/deepnets/optimization/run.py --L=6 --J 0.8 1.0 --n_blocks 8 --features 72 --expansion_factor=2 --downsample_factor=2 --kernel_width=2 --output_head=Vanilla --samples_per_rank=512 --chains_per_rank=512 --discard_fraction=0.0 --iters 2500 2500 2500 2500 --lr 0.01 0.01 0.01 0.01 --alpha 0.5 0.5 0.5 0.5 --diag_shift 0.01 0.01 0.01 0.01 --diag_shift_end 0.0001 0.0001 0.0001 0.0001 --r=1e-06 --chunk_size=512 --save_every=100 --symmetries=0 --symmetry_ramping=1 --momentum=0.9 --post_iters=50 --double_precision=1 --time_it=0 --show_progress=0 --checkpoint=1 --seed=90  --save_base /gpfswork/rech/iqu/uvm91ap/projects/deepNQS/ConvNext/14_10_24/L=6/symm_ramp_2x2/6/ >> /gpfswork/rech/iqu/uvm91ap/projects/deepNQS/ConvNext/14_10_24/L=6/symm_ramp_2x2/6/${SLURM_JOB_ID}.out &
Configuring sharding...
Number of distributed processes = 1
Number of total devices: 8
0/1 : global [CudaDevice(id=0), CudaDevice(id=1), CudaDevice(id=2), CudaDevice(id=3), CudaDevice(id=4), CudaDevice(id=5), CudaDevice(id=6), CudaDevice(id=7)]
0/1 : local [CudaDevice(id=0), CudaDevice(id=1), CudaDevice(id=2), CudaDevice(id=3), CudaDevice(id=4), CudaDevice(id=5), CudaDevice(id=6), CudaDevice(id=7)]
0/1 : hostname:  jean-zay-iam03
2024-10-17 07:12:30.266265: W external/xla/xla/service/gpu/nvptx_compiler.cc:893] The NVIDIA driver's CUDA version is 12.4 which is older than the PTX compiler version 12.6.68. Because the driver is older than the PTX compiler version, XLA is disabling parallel compilation, which may slow down compilation. You should update your NVIDIA driver or use the NVIDIA-provided CUDA forward compatibility packages.
Double precision enabled =  True
chunk_size = 512
Running optimization...
Symmetry stage 0 on process 0:
Total number of model parameters = 185256
Using minSR
E1017 07:13:39.074118 1396239 gpu_timer.cc:82] Delay kernel timed out: measured time has sub-optimal accuracy. There may be a missing warmup execution, please investigate in Nsight Systems.
E1017 07:13:39.346779 1396239 gpu_timer.cc:82] Delay kernel timed out: measured time has sub-optimal accuracy. There may be a missing warmup execution, please investigate in Nsight Systems.
restoring checkpoint #0
Symmetry stage 1 on process 0:
Total number of model parameters = 185256
Using minSR
E1017 08:15:56.199971 1396239 gpu_timer.cc:82] Delay kernel timed out: measured time has sub-optimal accuracy. There may be a missing warmup execution, please investigate in Nsight Systems.
E1017 08:15:56.479162 1396239 gpu_timer.cc:82] Delay kernel timed out: measured time has sub-optimal accuracy. There may be a missing warmup execution, please investigate in Nsight Systems.
2024-10-17 08:15:57.491233: E external/xla/xla/service/slow_operation_alarm.cc:65] Trying algorithm eng20{k2=6,k3=0} for conv (f64[72,1,2,2]{3,2,1,0}, u8[0]{0}) custom-call(f64[16384,72,4,4]{3,2,1,0}, f64[16384,72,3,3]{3,2,1,0}), window={size=2x2}, dim_labels=bf01_oi01->bf01, feature_group_count=72, custom_call_target="__cudnn$convBackwardFilter", backend_config={"cudnn_conv_backend_config":{"activation_mode":"kNone","conv_result_scale":1,"leakyrelu_alpha":0,"side_input_scale":0},"force_earliest_schedule":false,"operation_queue_id":"0","wait_on_operation_queues":[]} is taking a while...
2024-10-17 08:16:00.160127: E external/xla/xla/service/slow_operation_alarm.cc:133] The operation took 3.668977641s
Trying algorithm eng20{k2=6,k3=0} for conv (f64[72,1,2,2]{3,2,1,0}, u8[0]{0}) custom-call(f64[16384,72,4,4]{3,2,1,0}, f64[16384,72,3,3]{3,2,1,0}), window={size=2x2}, dim_labels=bf01_oi01->bf01, feature_group_count=72, custom_call_target="__cudnn$convBackwardFilter", backend_config={"cudnn_conv_backend_config":{"activation_mode":"kNone","conv_result_scale":1,"leakyrelu_alpha":0,"side_input_scale":0},"force_earliest_schedule":false,"operation_queue_id":"0","wait_on_operation_queues":[]} is taking a while...
Symmetry stage 2 on process 0:
Total number of model parameters = 185256
Using minSR
E1017 10:02:37.891229 1396239 gpu_timer.cc:82] Delay kernel timed out: measured time has sub-optimal accuracy. There may be a missing warmup execution, please investigate in Nsight Systems.
E1017 10:02:38.172198 1396239 gpu_timer.cc:82] Delay kernel timed out: measured time has sub-optimal accuracy. There may be a missing warmup execution, please investigate in Nsight Systems.
2024-10-17 10:02:39.193371: E external/xla/xla/service/slow_operation_alarm.cc:65] Trying algorithm eng20{k2=6,k3=0} for conv (f64[72,1,2,2]{3,2,1,0}, u8[0]{0}) custom-call(f64[32768,72,4,4]{3,2,1,0}, f64[32768,72,3,3]{3,2,1,0}), window={size=2x2}, dim_labels=bf01_oi01->bf01, feature_group_count=72, custom_call_target="__cudnn$convBackwardFilter", backend_config={"cudnn_conv_backend_config":{"activation_mode":"kNone","conv_result_scale":1,"leakyrelu_alpha":0,"side_input_scale":0},"force_earliest_schedule":false,"operation_queue_id":"0","wait_on_operation_queues":[]} is taking a while...
2024-10-17 10:02:48.061044: E external/xla/xla/service/slow_operation_alarm.cc:133] The operation took 9.867731356s
Trying algorithm eng20{k2=6,k3=0} for conv (f64[72,1,2,2]{3,2,1,0}, u8[0]{0}) custom-call(f64[32768,72,4,4]{3,2,1,0}, f64[32768,72,3,3]{3,2,1,0}), window={size=2x2}, dim_labels=bf01_oi01->bf01, feature_group_count=72, custom_call_target="__cudnn$convBackwardFilter", backend_config={"cudnn_conv_backend_config":{"activation_mode":"kNone","conv_result_scale":1,"leakyrelu_alpha":0,"side_input_scale":0},"force_earliest_schedule":false,"operation_queue_id":"0","wait_on_operation_queues":[]} is taking a while...
Symmetry stage 3 on process 0:
Total number of model parameters = 185256
Using minSR
2024-10-17 12:39:54.279369: W external/xla/xla/tsl/framework/bfc_allocator.cc:497] Allocator (GPU_3_bfc) ran out of memory trying to allocate 65.23GiB (rounded to 70043559168)requested by op 
2024-10-17 12:39:54.280659: W external/xla/xla/tsl/framework/bfc_allocator.cc:508] *___________________________________________________________________________________________________
2024-10-17 12:39:54.281102: W external/xla/xla/tsl/framework/bfc_allocator.cc:497] Allocator (GPU_4_bfc) ran out of memory trying to allocate 65.23GiB (rounded to 70043559168)requested by op 
E1017 12:39:54.280751 1396597 pjrt_stream_executor_client.cc:3067] Execution of replica 0 failed: RESOURCE_EXHAUSTED: Out of memory while trying to allocate 70043559032 bytes.
2024-10-17 12:39:54.281870: W external/xla/xla/tsl/framework/bfc_allocator.cc:508] *___________________________________________________________________________________________________
E1017 12:39:54.281989 1396599 pjrt_stream_executor_client.cc:3067] Execution of replica 0 failed: RESOURCE_EXHAUSTED: Out of memory while trying to allocate 70043559032 bytes.
2024-10-17 12:39:54.282495: W external/xla/xla/tsl/framework/bfc_allocator.cc:497] Allocator (GPU_1_bfc) ran out of memory trying to allocate 65.23GiB (rounded to 70043559168)requested by op 
2024-10-17 12:39:54.283138: W external/xla/xla/tsl/framework/bfc_allocator.cc:508] *___________________________________________________________________________________________________
E1017 12:39:54.283209 1396593 pjrt_stream_executor_client.cc:3067] Execution of replica 0 failed: RESOURCE_EXHAUSTED: Out of memory while trying to allocate 70043559032 bytes.
2024-10-17 12:39:54.284042: W external/xla/xla/tsl/framework/bfc_allocator.cc:497] Allocator (GPU_5_bfc) ran out of memory trying to allocate 65.23GiB (rounded to 70043559168)requested by op 
2024-10-17 12:39:54.284780: W external/xla/xla/tsl/framework/bfc_allocator.cc:508] *___________________________________________________________________________________________________
E1017 12:39:54.284901 1396601 pjrt_stream_executor_client.cc:3067] Execution of replica 0 failed: RESOURCE_EXHAUSTED: Out of memory while trying to allocate 70043559032 bytes.
2024-10-17 12:39:54.285637: W external/xla/xla/tsl/framework/bfc_allocator.cc:497] Allocator (GPU_2_bfc) ran out of memory trying to allocate 65.23GiB (rounded to 70043559168)requested by op 
2024-10-17 12:39:54.286323: W external/xla/xla/tsl/framework/bfc_allocator.cc:508] *___________________________________________________________________________________________________
E1017 12:39:54.286405 1396595 pjrt_stream_executor_client.cc:3067] Execution of replica 0 failed: RESOURCE_EXHAUSTED: Out of memory while trying to allocate 70043559032 bytes.
2024-10-17 12:39:54.287405: W external/xla/xla/tsl/framework/bfc_allocator.cc:497] Allocator (GPU_6_bfc) ran out of memory trying to allocate 65.23GiB (rounded to 70043559168)requested by op 
2024-10-17 12:39:54.288111: W external/xla/xla/tsl/framework/bfc_allocator.cc:508] *___________________________________________________________________________________________________
E1017 12:39:54.288225 1396603 pjrt_stream_executor_client.cc:3067] Execution of replica 0 failed: RESOURCE_EXHAUSTED: Out of memory while trying to allocate 70043559032 bytes.
2024-10-17 12:39:54.289307: W external/xla/xla/tsl/framework/bfc_allocator.cc:497] Allocator (GPU_7_bfc) ran out of memory trying to allocate 65.23GiB (rounded to 70043559168)requested by op 
2024-10-17 12:39:54.290028: W external/xla/xla/tsl/framework/bfc_allocator.cc:508] *___________________________________________________________________________________________________
E1017 12:39:54.290185 1396605 pjrt_stream_executor_client.cc:3067] Execution of replica 0 failed: RESOURCE_EXHAUSTED: Out of memory while trying to allocate 70043559032 bytes.
2024-10-17 12:39:54.291426: W external/xla/xla/tsl/framework/bfc_allocator.cc:497] Allocator (GPU_0_bfc) ran out of memory trying to allocate 65.23GiB (rounded to 70043559168)requested by op 
2024-10-17 12:39:54.292000: W external/xla/xla/tsl/framework/bfc_allocator.cc:508] *___________________________________________________________________________________________________
E1017 12:39:54.292099 1396591 pjrt_stream_executor_client.cc:3067] Execution of replica 0 failed: RESOURCE_EXHAUSTED: Out of memory while trying to allocate 70043559032 bytes.
Traceback (most recent call last):
  File "/lustre/fswork/projects/rech/iqu/uvm91ap/repos/netket_pro/deepnets/optimization/run.py", line 158, in <module>
    sim_time, n_parameters = optimization(
                             ^^^^^^^^^^^^^
  File "/lustre/fswork/projects/rech/iqu/uvm91ap/repos/netket_pro/deepnets/optimization/protocols.py", line 675, in symmetry_ramp_checkpoint
    gs.run_checkpointed(
  File "/lustre/fswork/projects/rech/iqu/uvm91ap/repos/netket_pro/netket_checkpoint/_src/driver1/abstract_variational_driver.py", line 214, in run_checkpointed
    for step in self.iter(n_iter, step_size, start=starting_iter):
  File "/lustre/fswork/projects/rech/iqu/uvm91ap/repos/netket_pro/netket_checkpoint/_src/driver1/abstract_variational_driver.py", line 69, in iter
    dp = self._forward_and_backward()
         ^^^^^^^^^^^^^^^^^^^^^^^^^^^^
  File "/lustre/fswork/projects/rech/iqu/uvm91ap/repos/netket_pro/netket_pro/_src/driver/vmc_srt_ntk.py", line 394, in _forward_and_backward
    updates, self._cplx_split_updates, _ = SRt_ntk(
                                           ^^^^^^^^
jaxlib.xla_extension.XlaRuntimeError: RESOURCE_EXHAUSTED: Out of memory while trying to allocate 70043559032 bytes.: while running replica 0 and partition 0 of a replicated computation (other replicas may have failed as well).
--------------------
For simplicity, JAX has removed its internal frames from the traceback of the following exception. Set JAX_TRACEBACK_FILTERING=off to include these.
srun: Job step aborted: Waiting up to 62 seconds for job step to finish.
slurmstepd: error: *** JOB 156689 ON jean-zay-iam03 CANCELLED AT 2024-10-17T17:33:49 ***
slurmstepd: error: *** STEP 156689.0 ON jean-zay-iam03 CANCELLED AT 2024-10-17T17:33:49 ***
